;  LST file generated by mikroListExporter - v.2.0 
; Date/Time: 4/26/2020 9:09:29 PM
;----------------------------------------------

;Address Opcode 	ASM
0x0000	0xF000EF0E  	GOTO        28
0x0004	0x0000      	NOP
0x0006	0x0000      	NOP
0x0008	0xF000EF00  	GOTO        0
0x000C	0x0000      	NOP
0x000E	0x0000      	NOP
0x0010	0x0000      	NOP
0x0012	0x0000      	NOP
0x0014	0x0000      	NOP
0x0016	0x0000      	NOP
0x0018	0xD7F3      	BRA         0
_main:
;PWM.c,1 :: 		void main()
;PWM.c,4 :: 		char duty_cycle = 0;
0x001C	0x6A15      	CLRF        main_duty_cycle_L0 
;PWM.c,6 :: 		TRISC = 0;
0x001E	0x6A94      	CLRF        TRISC 
;PWM.c,7 :: 		PR2 = 124 ;
0x0020	0x0E7C      	MOVLW       124
0x0022	0x6ECB      	MOVWF       PR2 
;PWM.c,8 :: 		T2CON = 0b00000100 ;
0x0024	0x0E04      	MOVLW       4
0x0026	0x6ECA      	MOVWF       T2CON 
;PWM.c,9 :: 		CCP1CON = 0b00001100 ;
0x0028	0x0E0C      	MOVLW       12
0x002A	0x6EBD      	MOVWF       CCP1CON 
;PWM.c,11 :: 		for(duty_cycle = 0; duty_cycle < 124; duty_cycle++)
0x002C	0x6A15      	CLRF        main_duty_cycle_L0 
L_main0:
0x002E	0x0E7C      	MOVLW       124
0x0030	0x5C15      	SUBWF       main_duty_cycle_L0, 0 
0x0032	0xE20C      	BC          L_main1
;PWM.c,13 :: 		CCPR1L = duty_cycle;
0x0034	0xFFBEC015  	MOVFF       main_duty_cycle_L0, CCPR1L
;PWM.c,14 :: 		delay_ms(25);
0x0038	0x0EA3      	MOVLW       163
0x003A	0x6E0C      	MOVWF       R12, 0
0x003C	0x0E55      	MOVLW       85
0x003E	0x6E0D      	MOVWF       R13, 0
L_main3:
0x0040	0x2E0D      	DECFSZ      R13, 1, 0
0x0042	0xD7FE      	BRA         L_main3
0x0044	0x2E0C      	DECFSZ      R12, 1, 0
0x0046	0xD7FC      	BRA         L_main3
;PWM.c,11 :: 		for(duty_cycle = 0; duty_cycle < 124; duty_cycle++)
0x0048	0x2A15      	INCF        main_duty_cycle_L0, 1 
;PWM.c,15 :: 		}
0x004A	0xD7F1      	BRA         L_main0
L_main1:
;PWM.c,16 :: 		}
L_end_main:
0x004C	0xD7FF      	BRA         $+0
; end of _main
Symbol List:
//** Routines locations **
//ADDRESS    SIZE    PROCEDURE
//----------------------------------------------
0x001C      [50]    _main
//** Variables locations ** 
//ADDRESS    SIZE    VARIABLE
//----------------------------------------------
0x0000       [1]    R0
0x0001       [1]    R1
0x0002       [1]    R2
0x0003       [1]    R3
0x0004       [1]    R4
0x0005       [1]    R5
0x0006       [1]    R6
0x0007       [1]    R7
0x0008       [1]    R8
0x0009       [1]    R9
0x000A       [1]    R10
0x000B       [1]    R11
0x000C       [1]    R12
0x000D       [1]    R13
0x000E       [1]    R14
0x000F       [1]    R15
0x0010       [1]    R16
0x0011       [1]    R17
0x0012       [1]    R18
0x0013       [1]    R19
0x0014       [1]    R20
0x0015       [1]    main_duty_cycle_L0
0x0F94       [1]    TRISC
0x0FBD       [1]    CCP1CON
0x0FBE       [1]    CCPR1L
0x0FCA       [1]    T2CON
0x0FCB       [1]    PR2
0x0FD8       [1]    STATUS
0x0FD9       [1]    FSR2L
0x0FDA       [1]    FSR2H
0x0FDE       [1]    POSTINC2
0x0FE0       [1]    BSR
0x0FE1       [1]    FSR1L
0x0FE2       [1]    FSR1H
0x0FE4       [1]    PREINC1
0x0FE6       [1]    POSTINC1
0x0FE7       [1]    INDF1
0x0FE8       [1]    WREG
0x0FE9       [1]    FSR0L
0x0FEA       [1]    FSR0H
0x0FEE       [1]    POSTINC0
0x0FF3       [1]    PRODL
0x0FF4       [1]    PRODH
0x0FF5       [1]    TABLAT
0x0FF6       [1]    TBLPTRL
0x0FF7       [1]    TBLPTRH
0x0FF8       [1]    TBLPTRU
